<html>
<head>
<title>TestNG:  Sikuli HIS3 </title>
<link href="../testng.css" rel="stylesheet" type="text/css" />
<link href="../my-testng.css" rel="stylesheet" type="text/css" />

<style type="text/css">
.log { display: none;} 
.stack-trace { display: none;} 
</style>
<script type="text/javascript">
<!--
function flip(e) {
  current = e.style.display;
  if (current == 'block') {
    e.style.display = 'none';
    return 0;
  }
  else {
    e.style.display = 'block';
    return 1;
  }
}

function toggleBox(szDivId, elem, msg1, msg2)
{
  var res = -1;  if (document.getElementById) {
    res = flip(document.getElementById(szDivId));
  }
  else if (document.all) {
    // this is the way old msie versions work
    res = flip(document.all[szDivId]);
  }
  if(elem) {
    if(res == 0) elem.innerHTML = msg1; else elem.innerHTML = msg2;
  }

}

function toggleAllBoxes() {
  if (document.getElementsByTagName) {
    d = document.getElementsByTagName('div');
    for (i = 0; i < d.length; i++) {
      if (d[i].className == 'log') {
        flip(d[i]);
      }
    }
  }
}

// -->
</script>

</head>
<body>
<h2 align='center'>Sikuli HIS3 </h2><table border='1' align="center">
<tr>
<td>Tests passed/Failed/Skipped:</td><td>7/4/0</td>
</tr><tr>
<td>Started on:</td><td>Wed Nov 29 16:37:28 ICT 2017</td>
</tr>
<tr><td>Total time:</td><td>528 seconds (528182 ms)</td>
</tr><tr>
<td>Included groups:</td><td></td>
</tr><tr>
<td>Excluded groups:</td><td></td>
</tr>
</table><p/>
<small><i>(Hover the method name to see the test class name)</i></small><p/>
<table width='100%' border='1' class='invocation-failed'>
<tr><td colspan='4' align='center'><b>FAILED TESTS</b></td></tr>
<tr><td><b>Test method</b></td>
<td width="30%"><b>Exception</b></td>
<td width="10%"><b>Time (seconds)</b></td>
<td><b>Instance</b></td>
</tr>
<tr>
<td title='TestHIS.TestLuongTiepNhanBNDichVu_ThuTienSau_CLS.TestLuongTiepNhanBenhNhanDichVu_ThuTienSau_1()'><b>TestLuongTiepNhanBenhNhanDichVu_ThuTienSau_1</b><br>Test class: TestHIS.TestLuongTiepNhanBNDichVu_ThuTienSau_CLS</td>
<td><div><pre>java.lang.AssertionError: Ti?p nh?n B?nh nhân không thành công !
	at desktop_Framework.CommonActions.setTestcaseStatus(CommonActions.java:542)
	at TestHIS.TestLuongTiepNhanBNDichVu_ThuTienSau_CLS.TestLuongTiepNhanBenhNhanDichVu_ThuTienSau_1(TestLuongTiepNhanBNDichVu_ThuTienSau_CLS.java:147)
	at java.util.concurrent.FutureTask.run(Unknown Source)
	at java.util.concurrent.ThreadPoolExecutor.runWorker(Unknown Source)
	at java.util.concurrent.ThreadPoolExecutor$Worker.run(Unknown Source)
	at java.lang.Thread.run(Unknown Source)
... Removed 17 stack frames</pre></div><a href='#' onClick='toggleBox("stack-trace1898481530", this, "Click to show all stack frames", "Click to hide stack frames")'>Click to show all stack frames</a>
<div class='stack-trace' id='stack-trace1898481530'><pre>java.lang.AssertionError: Ti?p nh?n B?nh nhân không thành công !
	at org.testng.Assert.fail(Assert.java:94)
	at desktop_Framework.CommonActions.setTestcaseStatus(CommonActions.java:542)
	at TestHIS.TestLuongTiepNhanBNDichVu_ThuTienSau_CLS.TestLuongTiepNhanBenhNhanDichVu_ThuTienSau_1(TestLuongTiepNhanBNDichVu_ThuTienSau_CLS.java:147)
	at sun.reflect.NativeMethodAccessorImpl.invoke0(Native Method)
	at sun.reflect.NativeMethodAccessorImpl.invoke(Unknown Source)
	at sun.reflect.DelegatingMethodAccessorImpl.invoke(Unknown Source)
	at java.lang.reflect.Method.invoke(Unknown Source)
	at org.testng.internal.MethodInvocationHelper.invokeMethod(MethodInvocationHelper.java:85)
	at org.testng.internal.Invoker.invokeMethod(Invoker.java:639)
	at org.testng.internal.Invoker.invokeTestMethod(Invoker.java:816)
	at org.testng.internal.Invoker.invokeTestMethods(Invoker.java:1124)
	at org.testng.internal.TestMethodWorker.invokeTestMethods(TestMethodWorker.java:125)
	at org.testng.internal.TestMethodWorker.run(TestMethodWorker.java:108)
	at org.testng.TestRunner.privateRun(TestRunner.java:774)
	at org.testng.TestRunner.run(TestRunner.java:624)
	at org.testng.SuiteRunner.runTest(SuiteRunner.java:359)
	at org.testng.SuiteRunner.access$000(SuiteRunner.java:39)
	at org.testng.SuiteRunner$SuiteWorker.run(SuiteRunner.java:393)
	at org.testng.internal.thread.ThreadUtil$2.call(ThreadUtil.java:64)
	at java.util.concurrent.FutureTask.run(Unknown Source)
	at java.util.concurrent.ThreadPoolExecutor.runWorker(Unknown Source)
	at java.util.concurrent.ThreadPoolExecutor$Worker.run(Unknown Source)
	at java.lang.Thread.run(Unknown Source)
</pre></div></td>
<td>61</td>
<td>TestHIS.TestLuongTiepNhanBNDichVu_ThuTienSau_CLS@5abca1e0</td></tr>
<tr>
<td title='TestHIS.TestLuongTiepNhanBNDichVu_ThuTienSau_CLS.TestLuongTiepNhanBenhNhanDichVu_ThuTienSau_10()'><b>TestLuongTiepNhanBenhNhanDichVu_ThuTienSau_10</b><br>Test class: TestHIS.TestLuongTiepNhanBNDichVu_ThuTienSau_CLS</td>
<td><div><pre>java.lang.AssertionError: Không th? l?u k?t qu? K?t Lu?n cu?i cùng c?a bác s? , ?ã g?p s? c? !
	at desktop_Framework.CommonActions.setTestcaseStatus(CommonActions.java:542)
	at TestHIS.TestLuongTiepNhanBNDichVu_ThuTienSau_CLS.TestLuongTiepNhanBenhNhanDichVu_ThuTienSau_10(TestLuongTiepNhanBNDichVu_ThuTienSau_CLS.java:395)
	at java.util.concurrent.FutureTask.run(Unknown Source)
	at java.util.concurrent.ThreadPoolExecutor.runWorker(Unknown Source)
	at java.util.concurrent.ThreadPoolExecutor$Worker.run(Unknown Source)
	at java.lang.Thread.run(Unknown Source)
... Removed 17 stack frames</pre></div><a href='#' onClick='toggleBox("stack-trace976518601", this, "Click to show all stack frames", "Click to hide stack frames")'>Click to show all stack frames</a>
<div class='stack-trace' id='stack-trace976518601'><pre>java.lang.AssertionError: Không th? l?u k?t qu? K?t Lu?n cu?i cùng c?a bác s? , ?ã g?p s? c? !
	at org.testng.Assert.fail(Assert.java:94)
	at desktop_Framework.CommonActions.setTestcaseStatus(CommonActions.java:542)
	at TestHIS.TestLuongTiepNhanBNDichVu_ThuTienSau_CLS.TestLuongTiepNhanBenhNhanDichVu_ThuTienSau_10(TestLuongTiepNhanBNDichVu_ThuTienSau_CLS.java:395)
	at sun.reflect.NativeMethodAccessorImpl.invoke0(Native Method)
	at sun.reflect.NativeMethodAccessorImpl.invoke(Unknown Source)
	at sun.reflect.DelegatingMethodAccessorImpl.invoke(Unknown Source)
	at java.lang.reflect.Method.invoke(Unknown Source)
	at org.testng.internal.MethodInvocationHelper.invokeMethod(MethodInvocationHelper.java:85)
	at org.testng.internal.Invoker.invokeMethod(Invoker.java:639)
	at org.testng.internal.Invoker.invokeTestMethod(Invoker.java:816)
	at org.testng.internal.Invoker.invokeTestMethods(Invoker.java:1124)
	at org.testng.internal.TestMethodWorker.invokeTestMethods(TestMethodWorker.java:125)
	at org.testng.internal.TestMethodWorker.run(TestMethodWorker.java:108)
	at org.testng.TestRunner.privateRun(TestRunner.java:774)
	at org.testng.TestRunner.run(TestRunner.java:624)
	at org.testng.SuiteRunner.runTest(SuiteRunner.java:359)
	at org.testng.SuiteRunner.access$000(SuiteRunner.java:39)
	at org.testng.SuiteRunner$SuiteWorker.run(SuiteRunner.java:393)
	at org.testng.internal.thread.ThreadUtil$2.call(ThreadUtil.java:64)
	at java.util.concurrent.FutureTask.run(Unknown Source)
	at java.util.concurrent.ThreadPoolExecutor.runWorker(Unknown Source)
	at java.util.concurrent.ThreadPoolExecutor$Worker.run(Unknown Source)
	at java.lang.Thread.run(Unknown Source)
</pre></div></td>
<td>28</td>
<td>TestHIS.TestLuongTiepNhanBNDichVu_ThuTienSau_CLS@5abca1e0</td></tr>
<tr>
<td title='TestHIS.TestLuongTiepNhanBNDichVu_ThuTienSau_CLS.TestLuongTiepNhanBenhNhanDichVu_ThuTienSau_11()'><b>TestLuongTiepNhanBenhNhanDichVu_ThuTienSau_11</b><br>Test class: TestHIS.TestLuongTiepNhanBNDichVu_ThuTienSau_CLS</td>
<td><div><pre>java.lang.AssertionError: Không tìm th?y thông tin ng??i c?n thanh toán vi?n phí ! 
	at desktop_Framework.CommonActions.setTestcaseStatus(CommonActions.java:542)
	at TestHIS.TestLuongTiepNhanBNDichVu_ThuTienSau_CLS.TestLuongTiepNhanBenhNhanDichVu_ThuTienSau_11(TestLuongTiepNhanBNDichVu_ThuTienSau_CLS.java:434)
	at java.util.concurrent.FutureTask.run(Unknown Source)
	at java.util.concurrent.ThreadPoolExecutor.runWorker(Unknown Source)
	at java.util.concurrent.ThreadPoolExecutor$Worker.run(Unknown Source)
	at java.lang.Thread.run(Unknown Source)
... Removed 17 stack frames</pre></div><a href='#' onClick='toggleBox("stack-trace1602673273", this, "Click to show all stack frames", "Click to hide stack frames")'>Click to show all stack frames</a>
<div class='stack-trace' id='stack-trace1602673273'><pre>java.lang.AssertionError: Không tìm th?y thông tin ng??i c?n thanh toán vi?n phí ! 
	at org.testng.Assert.fail(Assert.java:94)
	at desktop_Framework.CommonActions.setTestcaseStatus(CommonActions.java:542)
	at TestHIS.TestLuongTiepNhanBNDichVu_ThuTienSau_CLS.TestLuongTiepNhanBenhNhanDichVu_ThuTienSau_11(TestLuongTiepNhanBNDichVu_ThuTienSau_CLS.java:434)
	at sun.reflect.NativeMethodAccessorImpl.invoke0(Native Method)
	at sun.reflect.NativeMethodAccessorImpl.invoke(Unknown Source)
	at sun.reflect.DelegatingMethodAccessorImpl.invoke(Unknown Source)
	at java.lang.reflect.Method.invoke(Unknown Source)
	at org.testng.internal.MethodInvocationHelper.invokeMethod(MethodInvocationHelper.java:85)
	at org.testng.internal.Invoker.invokeMethod(Invoker.java:639)
	at org.testng.internal.Invoker.invokeTestMethod(Invoker.java:816)
	at org.testng.internal.Invoker.invokeTestMethods(Invoker.java:1124)
	at org.testng.internal.TestMethodWorker.invokeTestMethods(TestMethodWorker.java:125)
	at org.testng.internal.TestMethodWorker.run(TestMethodWorker.java:108)
	at org.testng.TestRunner.privateRun(TestRunner.java:774)
	at org.testng.TestRunner.run(TestRunner.java:624)
	at org.testng.SuiteRunner.runTest(SuiteRunner.java:359)
	at org.testng.SuiteRunner.access$000(SuiteRunner.java:39)
	at org.testng.SuiteRunner$SuiteWorker.run(SuiteRunner.java:393)
	at org.testng.internal.thread.ThreadUtil$2.call(ThreadUtil.java:64)
	at java.util.concurrent.FutureTask.run(Unknown Source)
	at java.util.concurrent.ThreadPoolExecutor.runWorker(Unknown Source)
	at java.util.concurrent.ThreadPoolExecutor$Worker.run(Unknown Source)
	at java.lang.Thread.run(Unknown Source)
</pre></div></td>
<td>71</td>
<td>TestHIS.TestLuongTiepNhanBNDichVu_ThuTienSau_CLS@5abca1e0</td></tr>
<tr>
<td title='TestHIS.TestLuongTiepNhanBNDichVu_ThuTienSau_CLS.TestLuongTiepNhanBenhNhanDichVu_ThuTienSau_9()'><b>TestLuongTiepNhanBenhNhanDichVu_ThuTienSau_9</b><br>Test class: TestHIS.TestLuongTiepNhanBNDichVu_ThuTienSau_CLS</td>
<td><div><pre>java.lang.AssertionError: Không tìm th?y b?nh nhân v?i mã s? Bênh nhân 1711000530
	at desktop_Framework.CommonActions.setTestcaseStatus(CommonActions.java:542)
	at TestHIS.TestLuongTiepNhanBNDichVu_ThuTienSau_CLS.TestLuongTiepNhanBenhNhanDichVu_ThuTienSau_9(TestLuongTiepNhanBNDichVu_ThuTienSau_CLS.java:379)
	at java.util.concurrent.FutureTask.run(Unknown Source)
	at java.util.concurrent.ThreadPoolExecutor.runWorker(Unknown Source)
	at java.util.concurrent.ThreadPoolExecutor$Worker.run(Unknown Source)
	at java.lang.Thread.run(Unknown Source)
... Removed 17 stack frames</pre></div><a href='#' onClick='toggleBox("stack-trace1472314360", this, "Click to show all stack frames", "Click to hide stack frames")'>Click to show all stack frames</a>
<div class='stack-trace' id='stack-trace1472314360'><pre>java.lang.AssertionError: Không tìm th?y b?nh nhân v?i mã s? Bênh nhân 1711000530
	at org.testng.Assert.fail(Assert.java:94)
	at desktop_Framework.CommonActions.setTestcaseStatus(CommonActions.java:542)
	at TestHIS.TestLuongTiepNhanBNDichVu_ThuTienSau_CLS.TestLuongTiepNhanBenhNhanDichVu_ThuTienSau_9(TestLuongTiepNhanBNDichVu_ThuTienSau_CLS.java:379)
	at sun.reflect.NativeMethodAccessorImpl.invoke0(Native Method)
	at sun.reflect.NativeMethodAccessorImpl.invoke(Unknown Source)
	at sun.reflect.DelegatingMethodAccessorImpl.invoke(Unknown Source)
	at java.lang.reflect.Method.invoke(Unknown Source)
	at org.testng.internal.MethodInvocationHelper.invokeMethod(MethodInvocationHelper.java:85)
	at org.testng.internal.Invoker.invokeMethod(Invoker.java:639)
	at org.testng.internal.Invoker.invokeTestMethod(Invoker.java:816)
	at org.testng.internal.Invoker.invokeTestMethods(Invoker.java:1124)
	at org.testng.internal.TestMethodWorker.invokeTestMethods(TestMethodWorker.java:125)
	at org.testng.internal.TestMethodWorker.run(TestMethodWorker.java:108)
	at org.testng.TestRunner.privateRun(TestRunner.java:774)
	at org.testng.TestRunner.run(TestRunner.java:624)
	at org.testng.SuiteRunner.runTest(SuiteRunner.java:359)
	at org.testng.SuiteRunner.access$000(SuiteRunner.java:39)
	at org.testng.SuiteRunner$SuiteWorker.run(SuiteRunner.java:393)
	at org.testng.internal.thread.ThreadUtil$2.call(ThreadUtil.java:64)
	at java.util.concurrent.FutureTask.run(Unknown Source)
	at java.util.concurrent.ThreadPoolExecutor.runWorker(Unknown Source)
	at java.util.concurrent.ThreadPoolExecutor$Worker.run(Unknown Source)
	at java.lang.Thread.run(Unknown Source)
</pre></div></td>
<td>74</td>
<td>TestHIS.TestLuongTiepNhanBNDichVu_ThuTienSau_CLS@5abca1e0</td></tr>
</table><p>
<table width='100%' border='1' class='invocation-passed'>
<tr><td colspan='4' align='center'><b>PASSED TESTS</b></td></tr>
<tr><td><b>Test method</b></td>
<td width="30%"><b>Exception</b></td>
<td width="10%"><b>Time (seconds)</b></td>
<td><b>Instance</b></td>
</tr>
<tr>
<td title='TestHIS.TestLuongTiepNhanBNDichVu_ThuTienSau_CLS.TestLuongTiepNhanBenhNhanDichVu_ThuTienSau_2()'><b>TestLuongTiepNhanBenhNhanDichVu_ThuTienSau_2</b><br>Test class: TestHIS.TestLuongTiepNhanBNDichVu_ThuTienSau_CLS</td>
<td></td>
<td>21</td>
<td>TestHIS.TestLuongTiepNhanBNDichVu_ThuTienSau_CLS@5abca1e0</td></tr>
<tr>
<td title='TestHIS.TestLuongTiepNhanBNDichVu_ThuTienSau_CLS.TestLuongTiepNhanBenhNhanDichVu_ThuTienSau_3()'><b>TestLuongTiepNhanBenhNhanDichVu_ThuTienSau_3</b><br>Test class: TestHIS.TestLuongTiepNhanBNDichVu_ThuTienSau_CLS</td>
<td></td>
<td>44</td>
<td>TestHIS.TestLuongTiepNhanBNDichVu_ThuTienSau_CLS@5abca1e0</td></tr>
<tr>
<td title='TestHIS.TestLuongTiepNhanBNDichVu_ThuTienSau_CLS.TestLuongTiepNhanBenhNhanDichVu_ThuTienSau_4()'><b>TestLuongTiepNhanBenhNhanDichVu_ThuTienSau_4</b><br>Test class: TestHIS.TestLuongTiepNhanBNDichVu_ThuTienSau_CLS</td>
<td></td>
<td>26</td>
<td>TestHIS.TestLuongTiepNhanBNDichVu_ThuTienSau_CLS@5abca1e0</td></tr>
<tr>
<td title='TestHIS.TestLuongTiepNhanBNDichVu_ThuTienSau_CLS.TestLuongTiepNhanBenhNhanDichVu_ThuTienSau_5()'><b>TestLuongTiepNhanBenhNhanDichVu_ThuTienSau_5</b><br>Test class: TestHIS.TestLuongTiepNhanBNDichVu_ThuTienSau_CLS</td>
<td></td>
<td>19</td>
<td>TestHIS.TestLuongTiepNhanBNDichVu_ThuTienSau_CLS@5abca1e0</td></tr>
<tr>
<td title='TestHIS.TestLuongTiepNhanBNDichVu_ThuTienSau_CLS.TestLuongTiepNhanBenhNhanDichVu_ThuTienSau_6()'><b>TestLuongTiepNhanBenhNhanDichVu_ThuTienSau_6</b><br>Test class: TestHIS.TestLuongTiepNhanBNDichVu_ThuTienSau_CLS</td>
<td></td>
<td>25</td>
<td>TestHIS.TestLuongTiepNhanBNDichVu_ThuTienSau_CLS@5abca1e0</td></tr>
<tr>
<td title='TestHIS.TestLuongTiepNhanBNDichVu_ThuTienSau_CLS.TestLuongTiepNhanBenhNhanDichVu_ThuTienSau_7()'><b>TestLuongTiepNhanBenhNhanDichVu_ThuTienSau_7</b><br>Test class: TestHIS.TestLuongTiepNhanBNDichVu_ThuTienSau_CLS</td>
<td></td>
<td>54</td>
<td>TestHIS.TestLuongTiepNhanBNDichVu_ThuTienSau_CLS@5abca1e0</td></tr>
<tr>
<td title='TestHIS.TestLuongTiepNhanBNDichVu_ThuTienSau_CLS.TestLuongTiepNhanBenhNhanDichVu_ThuTienSau_8()'><b>TestLuongTiepNhanBenhNhanDichVu_ThuTienSau_8</b><br>Test class: TestHIS.TestLuongTiepNhanBNDichVu_ThuTienSau_CLS</td>
<td></td>
<td>59</td>
<td>TestHIS.TestLuongTiepNhanBNDichVu_ThuTienSau_CLS@5abca1e0</td></tr>
</table><p>
</body>
</html>